CRITICAL - 2023-08-27 18:57:54 --> Invalid file: "front/principal_ultimo_view.php"
in SYSTEMPATH\Exceptions\FrameworkException.php on line 33.
 1 SYSTEMPATH\View\View.php(212): CodeIgniter\Exceptions\FrameworkException::forInvalidFile('front/principal_ultimo_view.php')
 2 SYSTEMPATH\Common.php(1176): CodeIgniter\View\View->render('front/principal_ultimo_view', [], true)
 3 APPPATH\Controllers\Home.php(11): view('front/principal_ultimo_view')
 4 SYSTEMPATH\CodeIgniter.php(932): App\Controllers\Home->index()
 5 SYSTEMPATH\CodeIgniter.php(497): CodeIgniter\CodeIgniter->runController(Object(App\Controllers\Home))
 6 SYSTEMPATH\CodeIgniter.php(366): CodeIgniter\CodeIgniter->handleRequest(null, Object(Config\Cache), false)
 7 FCPATH\index.php(67): CodeIgniter\CodeIgniter->run()
CRITICAL - 2023-08-27 19:03:22 --> Invalid file: "front/principal_ultimo_view.php"
in SYSTEMPATH\Exceptions\FrameworkException.php on line 33.
 1 SYSTEMPATH\View\View.php(212): CodeIgniter\Exceptions\FrameworkException::forInvalidFile('front/principal_ultimo_view.php')
 2 SYSTEMPATH\Common.php(1176): CodeIgniter\View\View->render('front/principal_ultimo_view', [], true)
 3 APPPATH\Controllers\Home.php(11): view('front/principal_ultimo_view')
 4 SYSTEMPATH\CodeIgniter.php(932): App\Controllers\Home->index()
 5 SYSTEMPATH\CodeIgniter.php(497): CodeIgniter\CodeIgniter->runController(Object(App\Controllers\Home))
 6 SYSTEMPATH\CodeIgniter.php(366): CodeIgniter\CodeIgniter->handleRequest(null, Object(Config\Cache), false)
 7 FCPATH\index.php(67): CodeIgniter\CodeIgniter->run()
CRITICAL - 2023-08-27 19:03:25 --> Invalid file: "front/principal_ultimo_view.php"
in SYSTEMPATH\Exceptions\FrameworkException.php on line 33.
 1 SYSTEMPATH\View\View.php(212): CodeIgniter\Exceptions\FrameworkException::forInvalidFile('front/principal_ultimo_view.php')
 2 SYSTEMPATH\Common.php(1176): CodeIgniter\View\View->render('front/principal_ultimo_view', [], true)
 3 APPPATH\Controllers\Home.php(11): view('front/principal_ultimo_view')
 4 SYSTEMPATH\CodeIgniter.php(932): App\Controllers\Home->index()
 5 SYSTEMPATH\CodeIgniter.php(497): CodeIgniter\CodeIgniter->runController(Object(App\Controllers\Home))
 6 SYSTEMPATH\CodeIgniter.php(366): CodeIgniter\CodeIgniter->handleRequest(null, Object(Config\Cache), false)
 7 FCPATH\index.php(67): CodeIgniter\CodeIgniter->run()
CRITICAL - 2023-08-27 19:03:30 --> Invalid file: "front/principal_ultimo_view.php"
in SYSTEMPATH\Exceptions\FrameworkException.php on line 33.
 1 SYSTEMPATH\View\View.php(212): CodeIgniter\Exceptions\FrameworkException::forInvalidFile('front/principal_ultimo_view.php')
 2 SYSTEMPATH\Common.php(1176): CodeIgniter\View\View->render('front/principal_ultimo_view', [], true)
 3 APPPATH\Controllers\Home.php(11): view('front/principal_ultimo_view')
 4 SYSTEMPATH\CodeIgniter.php(932): App\Controllers\Home->index()
 5 SYSTEMPATH\CodeIgniter.php(497): CodeIgniter\CodeIgniter->runController(Object(App\Controllers\Home))
 6 SYSTEMPATH\CodeIgniter.php(366): CodeIgniter\CodeIgniter->handleRequest(null, Object(Config\Cache), false)
 7 FCPATH\index.php(67): CodeIgniter\CodeIgniter->run()
CRITICAL - 2023-08-27 19:04:05 --> Invalid file: "front/principal_ultimo_view.php"
in SYSTEMPATH\Exceptions\FrameworkException.php on line 33.
 1 SYSTEMPATH\View\View.php(212): CodeIgniter\Exceptions\FrameworkException::forInvalidFile('front/principal_ultimo_view.php')
 2 SYSTEMPATH\Common.php(1176): CodeIgniter\View\View->render('front/principal_ultimo_view', [], true)
 3 APPPATH\Controllers\Home.php(11): view('front/principal_ultimo_view')
 4 SYSTEMPATH\CodeIgniter.php(932): App\Controllers\Home->index()
 5 SYSTEMPATH\CodeIgniter.php(497): CodeIgniter\CodeIgniter->runController(Object(App\Controllers\Home))
 6 SYSTEMPATH\CodeIgniter.php(366): CodeIgniter\CodeIgniter->handleRequest(null, Object(Config\Cache), false)
 7 FCPATH\index.php(67): CodeIgniter\CodeIgniter->run()
CRITICAL - 2023-08-27 19:05:29 --> Invalid file: "front/principal_ultimo_view.php"
in SYSTEMPATH\Exceptions\FrameworkException.php on line 33.
 1 SYSTEMPATH\View\View.php(212): CodeIgniter\Exceptions\FrameworkException::forInvalidFile('front/principal_ultimo_view.php')
 2 SYSTEMPATH\Common.php(1176): CodeIgniter\View\View->render('front/principal_ultimo_view', [], true)
 3 APPPATH\Controllers\Home.php(11): view('front/principal_ultimo_view')
 4 SYSTEMPATH\CodeIgniter.php(932): App\Controllers\Home->index()
 5 SYSTEMPATH\CodeIgniter.php(497): CodeIgniter\CodeIgniter->runController(Object(App\Controllers\Home))
 6 SYSTEMPATH\CodeIgniter.php(366): CodeIgniter\CodeIgniter->handleRequest(null, Object(Config\Cache), false)
 7 FCPATH\index.php(67): CodeIgniter\CodeIgniter->run()
CRITICAL - 2023-08-27 19:06:36 --> Invalid file: "front/principal_ultimo_view.php"
in SYSTEMPATH\Exceptions\FrameworkException.php on line 33.
 1 SYSTEMPATH\View\View.php(212): CodeIgniter\Exceptions\FrameworkException::forInvalidFile('front/principal_ultimo_view.php')
 2 SYSTEMPATH\Common.php(1176): CodeIgniter\View\View->render('front/principal_ultimo_view', [], true)
 3 APPPATH\Controllers\Home.php(11): view('front/principal_ultimo_view')
 4 SYSTEMPATH\CodeIgniter.php(932): App\Controllers\Home->index()
 5 SYSTEMPATH\CodeIgniter.php(497): CodeIgniter\CodeIgniter->runController(Object(App\Controllers\Home))
 6 SYSTEMPATH\CodeIgniter.php(366): CodeIgniter\CodeIgniter->handleRequest(null, Object(Config\Cache), false)
 7 FCPATH\index.php(67): CodeIgniter\CodeIgniter->run()
CRITICAL - 2023-08-27 19:07:40 --> Invalid file: "front/principal_ultimo_view.php"
in SYSTEMPATH\Exceptions\FrameworkException.php on line 33.
 1 SYSTEMPATH\View\View.php(212): CodeIgniter\Exceptions\FrameworkException::forInvalidFile('front/principal_ultimo_view.php')
 2 SYSTEMPATH\Common.php(1176): CodeIgniter\View\View->render('front/principal_ultimo_view', [], true)
 3 APPPATH\Controllers\Home.php(11): view('front/principal_ultimo_view')
 4 SYSTEMPATH\CodeIgniter.php(932): App\Controllers\Home->index()
 5 SYSTEMPATH\CodeIgniter.php(497): CodeIgniter\CodeIgniter->runController(Object(App\Controllers\Home))
 6 SYSTEMPATH\CodeIgniter.php(366): CodeIgniter\CodeIgniter->handleRequest(null, Object(Config\Cache), false)
 7 FCPATH\index.php(67): CodeIgniter\CodeIgniter->run()
CRITICAL - 2023-08-27 19:08:10 --> Invalid file: "front/principal_ultimo_view.php"
in SYSTEMPATH\Exceptions\FrameworkException.php on line 33.
 1 SYSTEMPATH\View\View.php(212): CodeIgniter\Exceptions\FrameworkException::forInvalidFile('front/principal_ultimo_view.php')
 2 SYSTEMPATH\Common.php(1176): CodeIgniter\View\View->render('front/principal_ultimo_view', [], true)
 3 APPPATH\Controllers\Home.php(11): view('front/principal_ultimo_view')
 4 SYSTEMPATH\CodeIgniter.php(932): App\Controllers\Home->index()
 5 SYSTEMPATH\CodeIgniter.php(497): CodeIgniter\CodeIgniter->runController(Object(App\Controllers\Home))
 6 SYSTEMPATH\CodeIgniter.php(366): CodeIgniter\CodeIgniter->handleRequest(null, Object(Config\Cache), false)
 7 FCPATH\index.php(67): CodeIgniter\CodeIgniter->run()
CRITICAL - 2023-08-27 19:08:13 --> Invalid file: "front/principal_ultimo_view.php"
in SYSTEMPATH\Exceptions\FrameworkException.php on line 33.
 1 SYSTEMPATH\View\View.php(212): CodeIgniter\Exceptions\FrameworkException::forInvalidFile('front/principal_ultimo_view.php')
 2 SYSTEMPATH\Common.php(1176): CodeIgniter\View\View->render('front/principal_ultimo_view', [], true)
 3 APPPATH\Controllers\Home.php(11): view('front/principal_ultimo_view')
 4 SYSTEMPATH\CodeIgniter.php(932): App\Controllers\Home->index()
 5 SYSTEMPATH\CodeIgniter.php(497): CodeIgniter\CodeIgniter->runController(Object(App\Controllers\Home))
 6 SYSTEMPATH\CodeIgniter.php(366): CodeIgniter\CodeIgniter->handleRequest(null, Object(Config\Cache), false)
 7 FCPATH\index.php(67): CodeIgniter\CodeIgniter->run()
CRITICAL - 2023-08-27 19:09:47 --> Invalid file: "front/principal_ultimo_view.php"
in SYSTEMPATH\Exceptions\FrameworkException.php on line 33.
 1 SYSTEMPATH\View\View.php(212): CodeIgniter\Exceptions\FrameworkException::forInvalidFile('front/principal_ultimo_view.php')
 2 SYSTEMPATH\Common.php(1176): CodeIgniter\View\View->render('front/principal_ultimo_view', [], true)
 3 APPPATH\Controllers\Home.php(11): view('front/principal_ultimo_view')
 4 SYSTEMPATH\CodeIgniter.php(932): App\Controllers\Home->index()
 5 SYSTEMPATH\CodeIgniter.php(497): CodeIgniter\CodeIgniter->runController(Object(App\Controllers\Home))
 6 SYSTEMPATH\CodeIgniter.php(366): CodeIgniter\CodeIgniter->handleRequest(null, Object(Config\Cache), false)
 7 FCPATH\index.php(67): CodeIgniter\CodeIgniter->run()
CRITICAL - 2023-08-27 19:09:50 --> Invalid file: "front/principal_ultimo_view.php"
in SYSTEMPATH\Exceptions\FrameworkException.php on line 33.
 1 SYSTEMPATH\View\View.php(212): CodeIgniter\Exceptions\FrameworkException::forInvalidFile('front/principal_ultimo_view.php')
 2 SYSTEMPATH\Common.php(1176): CodeIgniter\View\View->render('front/principal_ultimo_view', [], true)
 3 APPPATH\Controllers\Home.php(11): view('front/principal_ultimo_view')
 4 SYSTEMPATH\CodeIgniter.php(932): App\Controllers\Home->index()
 5 SYSTEMPATH\CodeIgniter.php(497): CodeIgniter\CodeIgniter->runController(Object(App\Controllers\Home))
 6 SYSTEMPATH\CodeIgniter.php(366): CodeIgniter\CodeIgniter->handleRequest(null, Object(Config\Cache), false)
 7 FCPATH\index.php(67): CodeIgniter\CodeIgniter->run()
CRITICAL - 2023-08-27 19:09:52 --> Invalid file: "front/principal_ultimo_view.php"
in SYSTEMPATH\Exceptions\FrameworkException.php on line 33.
 1 SYSTEMPATH\View\View.php(212): CodeIgniter\Exceptions\FrameworkException::forInvalidFile('front/principal_ultimo_view.php')
 2 SYSTEMPATH\Common.php(1176): CodeIgniter\View\View->render('front/principal_ultimo_view', [], true)
 3 APPPATH\Controllers\Home.php(11): view('front/principal_ultimo_view')
 4 SYSTEMPATH\CodeIgniter.php(932): App\Controllers\Home->index()
 5 SYSTEMPATH\CodeIgniter.php(497): CodeIgniter\CodeIgniter->runController(Object(App\Controllers\Home))
 6 SYSTEMPATH\CodeIgniter.php(366): CodeIgniter\CodeIgniter->handleRequest(null, Object(Config\Cache), false)
 7 FCPATH\index.php(67): CodeIgniter\CodeIgniter->run()
CRITICAL - 2023-08-27 19:10:21 --> Invalid file: "front/principal_ultimo_view.php"
in SYSTEMPATH\Exceptions\FrameworkException.php on line 33.
 1 SYSTEMPATH\View\View.php(212): CodeIgniter\Exceptions\FrameworkException::forInvalidFile('front/principal_ultimo_view.php')
 2 SYSTEMPATH\Common.php(1176): CodeIgniter\View\View->render('front/principal_ultimo_view', [], true)
 3 APPPATH\Controllers\Home.php(11): view('front/principal_ultimo_view')
 4 SYSTEMPATH\CodeIgniter.php(932): App\Controllers\Home->index()
 5 SYSTEMPATH\CodeIgniter.php(497): CodeIgniter\CodeIgniter->runController(Object(App\Controllers\Home))
 6 SYSTEMPATH\CodeIgniter.php(366): CodeIgniter\CodeIgniter->handleRequest(null, Object(Config\Cache), false)
 7 FCPATH\index.php(67): CodeIgniter\CodeIgniter->run()
CRITICAL - 2023-08-27 19:12:05 --> Invalid file: "front/principal_ultimo_view.php"
in SYSTEMPATH\Exceptions\FrameworkException.php on line 33.
 1 SYSTEMPATH\View\View.php(212): CodeIgniter\Exceptions\FrameworkException::forInvalidFile('front/principal_ultimo_view.php')
 2 SYSTEMPATH\Common.php(1176): CodeIgniter\View\View->render('front/principal_ultimo_view', [], true)
 3 APPPATH\Controllers\Home.php(11): view('front/principal_ultimo_view')
 4 SYSTEMPATH\CodeIgniter.php(932): App\Controllers\Home->index()
 5 SYSTEMPATH\CodeIgniter.php(497): CodeIgniter\CodeIgniter->runController(Object(App\Controllers\Home))
 6 SYSTEMPATH\CodeIgniter.php(366): CodeIgniter\CodeIgniter->handleRequest(null, Object(Config\Cache), false)
 7 FCPATH\index.php(67): CodeIgniter\CodeIgniter->run()
CRITICAL - 2023-08-27 19:14:10 --> Invalid file: "front/principal_ultimo_view.php"
in SYSTEMPATH\Exceptions\FrameworkException.php on line 33.
 1 SYSTEMPATH\View\View.php(212): CodeIgniter\Exceptions\FrameworkException::forInvalidFile('front/principal_ultimo_view.php')
 2 SYSTEMPATH\Common.php(1176): CodeIgniter\View\View->render('front/principal_ultimo_view', [], true)
 3 APPPATH\Controllers\Home.php(11): view('front/principal_ultimo_view')
 4 SYSTEMPATH\CodeIgniter.php(932): App\Controllers\Home->index()
 5 SYSTEMPATH\CodeIgniter.php(497): CodeIgniter\CodeIgniter->runController(Object(App\Controllers\Home))
 6 SYSTEMPATH\CodeIgniter.php(366): CodeIgniter\CodeIgniter->handleRequest(null, Object(Config\Cache), false)
 7 FCPATH\index.php(67): CodeIgniter\CodeIgniter->run()
CRITICAL - 2023-08-27 19:14:13 --> Invalid file: "front/quienes_somos_view.php"
in SYSTEMPATH\Exceptions\FrameworkException.php on line 33.
 1 SYSTEMPATH\View\View.php(212): CodeIgniter\Exceptions\FrameworkException::forInvalidFile('front/quienes_somos_view.php')
 2 SYSTEMPATH\Common.php(1176): CodeIgniter\View\View->render('front/quienes_somos_view', [], true)
 3 APPPATH\Controllers\Home.php(18): view('front/quienes_somos_view')
 4 SYSTEMPATH\CodeIgniter.php(932): App\Controllers\Home->quienes_somos()
 5 SYSTEMPATH\CodeIgniter.php(497): CodeIgniter\CodeIgniter->runController(Object(App\Controllers\Home))
 6 SYSTEMPATH\CodeIgniter.php(366): CodeIgniter\CodeIgniter->handleRequest(null, Object(Config\Cache), false)
 7 FCPATH\index.php(67): CodeIgniter\CodeIgniter->run()
CRITICAL - 2023-08-27 19:15:38 --> Invalid file: "front/quienes_somos_view.php"
in SYSTEMPATH\Exceptions\FrameworkException.php on line 33.
 1 SYSTEMPATH\View\View.php(212): CodeIgniter\Exceptions\FrameworkException::forInvalidFile('front/quienes_somos_view.php')
 2 SYSTEMPATH\Common.php(1176): CodeIgniter\View\View->render('front/quienes_somos_view', [], true)
 3 APPPATH\Controllers\Home.php(18): view('front/quienes_somos_view')
 4 SYSTEMPATH\CodeIgniter.php(932): App\Controllers\Home->quienes_somos()
 5 SYSTEMPATH\CodeIgniter.php(497): CodeIgniter\CodeIgniter->runController(Object(App\Controllers\Home))
 6 SYSTEMPATH\CodeIgniter.php(366): CodeIgniter\CodeIgniter->handleRequest(null, Object(Config\Cache), false)
 7 FCPATH\index.php(67): CodeIgniter\CodeIgniter->run()
CRITICAL - 2023-08-27 19:15:39 --> Invalid file: "front/quienes_somos_view.php"
in SYSTEMPATH\Exceptions\FrameworkException.php on line 33.
 1 SYSTEMPATH\View\View.php(212): CodeIgniter\Exceptions\FrameworkException::forInvalidFile('front/quienes_somos_view.php')
 2 SYSTEMPATH\Common.php(1176): CodeIgniter\View\View->render('front/quienes_somos_view', [], true)
 3 APPPATH\Controllers\Home.php(18): view('front/quienes_somos_view')
 4 SYSTEMPATH\CodeIgniter.php(932): App\Controllers\Home->quienes_somos()
 5 SYSTEMPATH\CodeIgniter.php(497): CodeIgniter\CodeIgniter->runController(Object(App\Controllers\Home))
 6 SYSTEMPATH\CodeIgniter.php(366): CodeIgniter\CodeIgniter->handleRequest(null, Object(Config\Cache), false)
 7 FCPATH\index.php(67): CodeIgniter\CodeIgniter->run()
CRITICAL - 2023-08-27 19:16:26 --> Invalid file: "front/principal_ultimo_view.php"
in SYSTEMPATH\Exceptions\FrameworkException.php on line 33.
 1 SYSTEMPATH\View\View.php(212): CodeIgniter\Exceptions\FrameworkException::forInvalidFile('front/principal_ultimo_view.php')
 2 SYSTEMPATH\Common.php(1176): CodeIgniter\View\View->render('front/principal_ultimo_view', [], true)
 3 APPPATH\Controllers\Home.php(11): view('front/principal_ultimo_view')
 4 SYSTEMPATH\CodeIgniter.php(932): App\Controllers\Home->index()
 5 SYSTEMPATH\CodeIgniter.php(497): CodeIgniter\CodeIgniter->runController(Object(App\Controllers\Home))
 6 SYSTEMPATH\CodeIgniter.php(366): CodeIgniter\CodeIgniter->handleRequest(null, Object(Config\Cache), false)
 7 FCPATH\index.php(67): CodeIgniter\CodeIgniter->run()
CRITICAL - 2023-08-27 19:16:32 --> Invalid file: "front/quienes_somos_view.php"
in SYSTEMPATH\Exceptions\FrameworkException.php on line 33.
 1 SYSTEMPATH\View\View.php(212): CodeIgniter\Exceptions\FrameworkException::forInvalidFile('front/quienes_somos_view.php')
 2 SYSTEMPATH\Common.php(1176): CodeIgniter\View\View->render('front/quienes_somos_view', [], true)
 3 APPPATH\Controllers\Home.php(18): view('front/quienes_somos_view')
 4 SYSTEMPATH\CodeIgniter.php(932): App\Controllers\Home->quienes_somos()
 5 SYSTEMPATH\CodeIgniter.php(497): CodeIgniter\CodeIgniter->runController(Object(App\Controllers\Home))
 6 SYSTEMPATH\CodeIgniter.php(366): CodeIgniter\CodeIgniter->handleRequest(null, Object(Config\Cache), false)
 7 FCPATH\index.php(67): CodeIgniter\CodeIgniter->run()
